<?xml version="1.0" encoding="UTF-8"?>
<!-- Generated by org.testng.reporters.JUnitXMLReporter -->
<testsuite ignored="0" hostname="192.168.1.3" failures="0" tests="5" name="Pixel 5 API 33 9.0" time="0.217" errors="0" timestamp="2024-09-23T10:57:39 ICT">
  <testcase classname="testV2.authen.SignInTest" name="loginWithCorrectCredential" time="0.0">
    <skipped/>
  </testcase> <!-- loginWithCorrectCredential -->
  <testcase classname="testV2.authen.SignInTest" name="loginWithCorrectCredential" time="0.0">
    <skipped/>
  </testcase> <!-- loginWithCorrectCredential -->
  <testcase classname="testV2.authen.SignInTest" name="loginWithIncorrectCredentials" time="0.0">
    <skipped/>
  </testcase> <!-- loginWithIncorrectCredentials -->
  <testcase classname="testV2.authen.SignInTest" name="loginWithIncorrectEmail" time="0.0">
    <skipped/>
  </testcase> <!-- loginWithIncorrectEmail -->
  <testcase classname="testV2.authen.SignInTest" name="loginWithIncorrectPassword" time="0.001">
    <skipped/>
  </testcase> <!-- loginWithIncorrectPassword -->
</testsuite> <!-- Pixel 5 API 33 9.0 -->
