<?xml version="1.0" encoding="UTF-8"?>
<!-- Generated by org.testng.reporters.JUnitXMLReporter -->
<testsuite ignored="0" hostname="192.168.1.3" failures="0" tests="0" time="0.032" errors="0" timestamp="2024-09-23T09:57:06 GMT+07:00">
  <testcase classname="base.BaseTestV10" name="@BeforeTest beforeTest" time="0.01">
    <failure type="java.lang.IllegalArgumentException" message="No enum constant enums.PlatformType.android">
      <![CDATA[java.lang.IllegalArgumentException: No enum constant enums.PlatformType.android
at java.base/java.lang.Enum.valueOf(Enum.java:273)
at enums.PlatformType.valueOf(PlatformType.java:5)
at base.BaseTestV10.beforeTest(BaseTestV10.java:38)
at java.base/java.util.concurrent.FutureTask.run(FutureTask.java:264)
at java.base/java.util.concurrent.ThreadPoolExecutor.runWorker(ThreadPoolExecutor.java:1136)
at java.base/java.util.concurrent.ThreadPoolExecutor$Worker.run(ThreadPoolExecutor.java:635)
at java.base/java.lang.Thread.run(Thread.java:840)
... Removed 14 stack frames]]>
    </failure>
  </testcase> <!-- @BeforeTest beforeTest -->
</testsuite>
