<?xml version="1.0" encoding="UTF-8"?>
<!-- Generated by org.testng.reporters.JUnitXMLReporter -->
<testsuite ignored="0" hostname="192.168.1.3" failures="0" tests="3" name="Pixel 5 API 33 Copy1 - 9.0" time="0.196" errors="0" timestamp="2024-09-23T12:17:00 ICT">
  <testcase classname="testV2.authen.SignUpTest" name="signUpWithCorrectCredentials" time="0.0">
    <skipped/>
  </testcase> <!-- signUpWithCorrectCredentials -->
  <testcase classname="testV2.authen.SignUpTest" name="signUpWithInvalidCredentials" time="0.0">
    <skipped/>
  </testcase> <!-- signUpWithInvalidCredentials -->
  <testcase classname="testV2.authen.SignUpTest" name="signUpWithInvalidRepeatPassWord" time="0.0">
    <skipped/>
  </testcase> <!-- signUpWithInvalidRepeatPassWord -->
</testsuite> <!-- Pixel 5 API 33 Copy1 - 9.0 -->
