<?xml version="1.0" encoding="UTF-8"?>
<!-- Generated by org.testng.reporters.JUnitXMLReporter -->
<testsuite ignored="0" hostname="192.168.1.3" failures="0" tests="5" name="Pixel 5 API 33 - 9.0" time="0.236" errors="0" timestamp="2024-09-23T12:17:00 ICT">
  <testcase classname="base.BaseTestV10" name="@BeforeTest beforeTest" time="0.004">
    <failure type="java.lang.IllegalArgumentException" message="No enum constant enums.PlatformType.android">
      <![CDATA[java.lang.IllegalArgumentException: No enum constant enums.PlatformType.android
at java.base/java.lang.Enum.valueOf(Enum.java:273)
at enums.PlatformType.valueOf(PlatformType.java:5)
at base.BaseTestV10.beforeTest(BaseTestV10.java:38)
at java.base/java.util.concurrent.FutureTask.run(FutureTask.java:264)
at java.base/java.util.concurrent.ThreadPoolExecutor.runWorker(ThreadPoolExecutor.java:1136)
at java.base/java.util.concurrent.ThreadPoolExecutor$Worker.run(ThreadPoolExecutor.java:635)
at java.base/java.lang.Thread.run(Thread.java:840)
... Removed 14 stack frames]]>
    </failure>
  </testcase> <!-- @BeforeTest beforeTest -->
  <testcase classname="base.BaseTestV10" name="@BeforeTest beforeTest" time="0.006">
    <failure type="java.lang.IllegalArgumentException" message="No enum constant enums.PlatformType.android">
      <![CDATA[java.lang.IllegalArgumentException: No enum constant enums.PlatformType.android
at java.base/java.lang.Enum.valueOf(Enum.java:273)
at enums.PlatformType.valueOf(PlatformType.java:5)
at base.BaseTestV10.beforeTest(BaseTestV10.java:38)
at java.base/java.util.concurrent.FutureTask.run(FutureTask.java:264)
at java.base/java.util.concurrent.ThreadPoolExecutor.runWorker(ThreadPoolExecutor.java:1136)
at java.base/java.util.concurrent.ThreadPoolExecutor$Worker.run(ThreadPoolExecutor.java:635)
at java.base/java.lang.Thread.run(Thread.java:840)
... Removed 14 stack frames]]>
    </failure>
  </testcase> <!-- @BeforeTest beforeTest -->
  <testcase classname="base.BaseTestV10" name="@BeforeMethod setUp" time="0.001">
    <failure type="java.lang.IllegalArgumentException" message="No enum constant enums.PlatformType.android">
      <![CDATA[java.lang.IllegalArgumentException: No enum constant enums.PlatformType.android
at java.base/java.lang.Enum.valueOf(Enum.java:273)
at enums.PlatformType.valueOf(PlatformType.java:5)
at base.BaseTestV10.setUp(BaseTestV10.java:49)
at java.base/java.util.ArrayList.forEach(ArrayList.java:1511)
at java.base/java.util.concurrent.FutureTask.run(FutureTask.java:264)
at java.base/java.util.concurrent.ThreadPoolExecutor.runWorker(ThreadPoolExecutor.java:1136)
at java.base/java.util.concurrent.ThreadPoolExecutor$Worker.run(ThreadPoolExecutor.java:635)
at java.base/java.lang.Thread.run(Thread.java:840)
... Removed 21 stack frames]]>
    </failure>
  </testcase> <!-- @BeforeMethod setUp -->
  <testcase classname="base.BaseTestV10" name="@BeforeMethod setUp" time="0.001">
    <failure type="java.lang.IllegalArgumentException" message="No enum constant enums.PlatformType.android">
      <![CDATA[java.lang.IllegalArgumentException: No enum constant enums.PlatformType.android
at java.base/java.lang.Enum.valueOf(Enum.java:273)
at enums.PlatformType.valueOf(PlatformType.java:5)
at base.BaseTestV10.setUp(BaseTestV10.java:49)
at java.base/java.util.ArrayList.forEach(ArrayList.java:1511)
at java.base/java.util.concurrent.FutureTask.run(FutureTask.java:264)
at java.base/java.util.concurrent.ThreadPoolExecutor.runWorker(ThreadPoolExecutor.java:1136)
at java.base/java.util.concurrent.ThreadPoolExecutor$Worker.run(ThreadPoolExecutor.java:635)
at java.base/java.lang.Thread.run(Thread.java:840)
... Removed 21 stack frames]]>
    </failure>
  </testcase> <!-- @BeforeMethod setUp -->
  <testcase classname="base.BaseTestV10" name="@BeforeMethod setUp" time="0.0">
    <failure type="java.lang.IllegalArgumentException" message="No enum constant enums.PlatformType.android">
      <![CDATA[java.lang.IllegalArgumentException: No enum constant enums.PlatformType.android
at java.base/java.lang.Enum.valueOf(Enum.java:273)
at enums.PlatformType.valueOf(PlatformType.java:5)
at base.BaseTestV10.setUp(BaseTestV10.java:49)
at java.base/java.util.ArrayList.forEach(ArrayList.java:1511)
at java.base/java.util.concurrent.FutureTask.run(FutureTask.java:264)
at java.base/java.util.concurrent.ThreadPoolExecutor.runWorker(ThreadPoolExecutor.java:1136)
at java.base/java.util.concurrent.ThreadPoolExecutor$Worker.run(ThreadPoolExecutor.java:635)
at java.base/java.lang.Thread.run(Thread.java:840)
... Removed 21 stack frames]]>
    </failure>
  </testcase> <!-- @BeforeMethod setUp -->
  <testcase classname="base.BaseTestV10" name="@BeforeMethod setUp" time="0.001">
    <failure type="java.lang.IllegalArgumentException" message="No enum constant enums.PlatformType.android">
      <![CDATA[java.lang.IllegalArgumentException: No enum constant enums.PlatformType.android
at java.base/java.lang.Enum.valueOf(Enum.java:273)
at enums.PlatformType.valueOf(PlatformType.java:5)
at base.BaseTestV10.setUp(BaseTestV10.java:49)
at java.base/java.util.ArrayList.forEach(ArrayList.java:1511)
at java.base/java.util.concurrent.FutureTask.run(FutureTask.java:264)
at java.base/java.util.concurrent.ThreadPoolExecutor.runWorker(ThreadPoolExecutor.java:1136)
at java.base/java.util.concurrent.ThreadPoolExecutor$Worker.run(ThreadPoolExecutor.java:635)
at java.base/java.lang.Thread.run(Thread.java:840)
... Removed 21 stack frames]]>
    </failure>
  </testcase> <!-- @BeforeMethod setUp -->
  <testcase classname="base.BaseTestV10" name="@BeforeMethod setUp" time="0.001">
    <failure type="java.lang.IllegalArgumentException" message="No enum constant enums.PlatformType.android">
      <![CDATA[java.lang.IllegalArgumentException: No enum constant enums.PlatformType.android
at java.base/java.lang.Enum.valueOf(Enum.java:273)
at enums.PlatformType.valueOf(PlatformType.java:5)
at base.BaseTestV10.setUp(BaseTestV10.java:49)
at java.base/java.util.ArrayList.forEach(ArrayList.java:1511)
at java.base/java.util.concurrent.FutureTask.run(FutureTask.java:264)
at java.base/java.util.concurrent.ThreadPoolExecutor.runWorker(ThreadPoolExecutor.java:1136)
at java.base/java.util.concurrent.ThreadPoolExecutor$Worker.run(ThreadPoolExecutor.java:635)
at java.base/java.lang.Thread.run(Thread.java:840)
... Removed 21 stack frames]]>
    </failure>
  </testcase> <!-- @BeforeMethod setUp -->
  <testcase classname="base.BaseTestV10" name="@BeforeMethod setUp" time="0.001">
    <failure type="java.lang.IllegalArgumentException" message="No enum constant enums.PlatformType.android">
      <![CDATA[java.lang.IllegalArgumentException: No enum constant enums.PlatformType.android
at java.base/java.lang.Enum.valueOf(Enum.java:273)
at enums.PlatformType.valueOf(PlatformType.java:5)
at base.BaseTestV10.setUp(BaseTestV10.java:49)
at java.base/java.util.ArrayList.forEach(ArrayList.java:1511)
at java.base/java.util.concurrent.FutureTask.run(FutureTask.java:264)
at java.base/java.util.concurrent.ThreadPoolExecutor.runWorker(ThreadPoolExecutor.java:1136)
at java.base/java.util.concurrent.ThreadPoolExecutor$Worker.run(ThreadPoolExecutor.java:635)
at java.base/java.lang.Thread.run(Thread.java:840)
... Removed 21 stack frames]]>
    </failure>
  </testcase> <!-- @BeforeMethod setUp -->
  <testcase classname="base.BaseTestV10" name="@BeforeMethod setUp" time="0.001">
    <failure type="java.lang.IllegalArgumentException" message="No enum constant enums.PlatformType.android">
      <![CDATA[java.lang.IllegalArgumentException: No enum constant enums.PlatformType.android
at java.base/java.lang.Enum.valueOf(Enum.java:273)
at enums.PlatformType.valueOf(PlatformType.java:5)
at base.BaseTestV10.setUp(BaseTestV10.java:49)
at java.base/java.util.ArrayList.forEach(ArrayList.java:1511)
at java.base/java.util.concurrent.FutureTask.run(FutureTask.java:264)
at java.base/java.util.concurrent.ThreadPoolExecutor.runWorker(ThreadPoolExecutor.java:1136)
at java.base/java.util.concurrent.ThreadPoolExecutor$Worker.run(ThreadPoolExecutor.java:635)
at java.base/java.lang.Thread.run(Thread.java:840)
... Removed 21 stack frames]]>
    </failure>
  </testcase> <!-- @BeforeMethod setUp -->
  <testcase classname="base.BaseTestV10" name="@BeforeMethod setUp" time="0.001">
    <failure type="java.lang.IllegalArgumentException" message="No enum constant enums.PlatformType.android">
      <![CDATA[java.lang.IllegalArgumentException: No enum constant enums.PlatformType.android
at java.base/java.lang.Enum.valueOf(Enum.java:273)
at enums.PlatformType.valueOf(PlatformType.java:5)
at base.BaseTestV10.setUp(BaseTestV10.java:49)
at java.base/java.util.ArrayList.forEach(ArrayList.java:1511)
at java.base/java.util.concurrent.FutureTask.run(FutureTask.java:264)
at java.base/java.util.concurrent.ThreadPoolExecutor.runWorker(ThreadPoolExecutor.java:1136)
at java.base/java.util.concurrent.ThreadPoolExecutor$Worker.run(ThreadPoolExecutor.java:635)
at java.base/java.lang.Thread.run(Thread.java:840)
... Removed 21 stack frames]]>
    </failure>
  </testcase> <!-- @BeforeMethod setUp -->
  <testcase classname="testV2.authen.SignInTest" name="loginWithCorrectCredential" time="0.0">
    <skipped/>
  </testcase> <!-- loginWithCorrectCredential -->
  <testcase classname="testV2.authen.SignInTest" name="loginWithCorrectCredential" time="0.0">
    <skipped/>
  </testcase> <!-- loginWithCorrectCredential -->
  <testcase classname="testV2.authen.SignInTest" name="loginWithIncorrectCredentials" time="0.0">
    <skipped/>
  </testcase> <!-- loginWithIncorrectCredentials -->
  <testcase classname="testV2.authen.SignInTest" name="loginWithIncorrectEmail" time="0.0">
    <skipped/>
  </testcase> <!-- loginWithIncorrectEmail -->
  <testcase classname="testV2.authen.SignInTest" name="loginWithIncorrectPassword" time="0.001">
    <skipped/>
  </testcase> <!-- loginWithIncorrectPassword -->
</testsuite> <!-- Pixel 5 API 33 - 9.0 -->
