<?xml version="1.0" encoding="UTF-8"?>
<!-- Generated by org.testng.reporters.JUnitXMLReporter -->
<testsuite ignored="2" hostname="192.168.1.3" failures="0" tests="8" name="Pixel 5 API 33 Copy5 9.0" time="0.279" errors="0" timestamp="2024-09-23T09:57:06 GMT+07:00">
  <testcase classname="testV2.authen.SignInTest" name="loginWithCorrectCredential" time="0.0">
    <skipped/>
  </testcase> <!-- loginWithCorrectCredential -->
  <testcase classname="testV2.authen.SignInTest" name="loginWithCorrectCredential" time="0.0">
    <skipped/>
  </testcase> <!-- loginWithCorrectCredential -->
  <testcase classname="testV2.authen.SignInTest" name="loginWithIncorrectCredentials" time="0.0">
    <skipped/>
  </testcase> <!-- loginWithIncorrectCredentials -->
  <testcase classname="testV2.authen.SignInTest" name="loginWithIncorrectEmail" time="0.0">
    <skipped/>
  </testcase> <!-- loginWithIncorrectEmail -->
  <testcase classname="testV2.authen.SignInTest" name="loginWithIncorrectPassword" time="0.0">
    <skipped/>
  </testcase> <!-- loginWithIncorrectPassword -->
  <testcase classname="testV2.authen.SignUpTest" name="signUpWithCorrectCredentials" time="0.0">
    <skipped/>
  </testcase> <!-- signUpWithCorrectCredentials -->
  <testcase classname="testV2.authen.SignUpTest" name="signUpWithInvalidCredentials" time="0.0">
    <skipped/>
  </testcase> <!-- signUpWithInvalidCredentials -->
  <testcase classname="testV2.authen.SignUpTest" name="signUpWithInvalidRepeatPassWord" time="0.0">
    <skipped/>
  </testcase> <!-- signUpWithInvalidRepeatPassWord -->
  <testcase classname="base.BaseTestV10" name="@BeforeSuite beforeSuite" time="0.0">
    <ignored/>
  </testcase> <!-- @BeforeSuite beforeSuite -->
  <testcase classname="base.BaseTestV10" name="@BeforeTest beforeTest" time="0.0">
    <ignored/>
  </testcase> <!-- @BeforeTest beforeTest -->
</testsuite> <!-- Pixel 5 API 33 Copy5 9.0 -->
